[14:42:22.667] Global cache location '/home/simon/.cache/typescript/4.1', safe file path '/home/simon/projects/game1/node_modules/typescript/lib/typingSafeList.json', types map path /home/simon/projects/game1/node_modules/typescript/lib/typesMap.json
[14:42:22.668] Processing cache location '/home/simon/.cache/typescript/4.1'
[14:42:22.668] Trying to find '/home/simon/.cache/typescript/4.1/package.json'...
[14:42:22.669] Loaded content of '/home/simon/.cache/typescript/4.1/package.json': {"private":true,"dependencies":{"types-registry":"^0.1.524"},"devDependencies":{"@types/angular":"^1.8.0","@types/angular-animate":"^1.5.10","@types/angular-mocks":"^1.7.0","@types/angular-translate":"^2.16.2","@types/angular-ui-bootstrap":"^1.0.0","@types/angular-ui-router":"^1.1.40","@types/async":"^3.2.5","@types/atob":"^2.1.2","@types/bluebird":"^3.5.33","@types/concurrently":"^5.2.1","@types/cordova":"0.0.34","@types/d3":"^6.2.0","@types/eslint":"^7.2.6","@types/fastclick":"^1.0.29","@types/file-loader":"^4.2.0","@types/gulp":"^4.0.8","@types/gulp-angular-templatecache":"^2.0.5","@types/gulp-autoprefixer":"0.0.32","@types/gulp-concat":"0.0.32","@types/gulp-connect":"^5.0.3","@types/gulp-csso":"^1.0.31","@types/gulp-filter":"^3.0.33","@types/gulp-flatten":"0.0.31","@types/gulp-if":"0.0.33","@types/gulp-inject":"0.0.33","@types/gulp-insert":"^0.5.8","@types/gulp-minify-css":"0.0.32","@types/gulp-ng-annotate":"0.0.31","@types/gulp-plumber":"0.0.32","@types/gulp-sass":"^4.0.0","@types/gulp-svgmin":"^1.2.0","@types/gulp-uglify":"^3.0.6","@types/gulp-useref":"^3.0.34","@types/gulp-util":"^3.0.35","@types/gulp-watch":"^4.1.34","@types/gulp-zip":"^4.0.1","@types/hammerjs":"^2.0.36","@types/jasmine":"^3.6.2","@types/js-base64":"^3.0.0","@types/json3":"^3.3.2","@types/karma":"^5.0.1","@types/karma-chrome-launcher":"^3.1.0","@types/karma-firefox-launcher":"^2.1.0","@types/karma-jasmine":"^3.1.0","@types/karma-jasmine-html-reporter":"^1.5.1","@types/lodash":"^4.14.167","@types/masonry-layout":"^4.2.2","@types/merge2":"^1.3.0","@types/mkdirp":"^1.0.1","@types/node-sass":"^4.11.1","@types/object-assign":"^4.0.30","@types/pify":"^5.0.0","@types/prettier":"^2.1.6","@types/require-dir":"^1.0.1","@types/rimraf":"^3.0.0","@types/run-sequence":"0.0.30","@types/sprintf":"^0.1.0","@types/through":"0.0.30","@types/through2":"^2.0.36","@types/utf8":"^2.1.6","@types/webpack-dev-server":"^3.11.1"}}
[14:42:22.669] Loaded content of '/home/simon/.cache/typescript/4.1/package-lock.json'
[14:42:22.676] Adding entry into typings cache: 'angular' => '/home/simon/.cache/typescript/4.1/node_modules/@types/angular/index.d.ts'
[14:42:22.678] Adding entry into typings cache: 'angular-animate' => '/home/simon/.cache/typescript/4.1/node_modules/@types/angular-animate/index.d.ts'
[14:42:22.679] Adding entry into typings cache: 'angular-mocks' => '/home/simon/.cache/typescript/4.1/node_modules/@types/angular-mocks/index.d.ts'
[14:42:22.681] Adding entry into typings cache: 'angular-translate' => '/home/simon/.cache/typescript/4.1/node_modules/@types/angular-translate/index.d.ts'
[14:42:22.684] Adding entry into typings cache: 'angular-ui-bootstrap' => '/home/simon/.cache/typescript/4.1/node_modules/@types/angular-ui-bootstrap/index.d.ts'
[14:42:22.685] Adding entry into typings cache: 'angular-ui-router' => '/home/simon/.cache/typescript/4.1/node_modules/@types/angular-ui-router/index.d.ts'
[14:42:22.689] Adding entry into typings cache: 'async' => '/home/simon/.cache/typescript/4.1/node_modules/@types/async/index.d.ts'
[14:42:22.692] Adding entry into typings cache: 'atob' => '/home/simon/.cache/typescript/4.1/node_modules/@types/atob/index.d.ts'
[14:42:22.693] Adding entry into typings cache: 'bluebird' => '/home/simon/.cache/typescript/4.1/node_modules/@types/bluebird/index.d.ts'
[14:42:22.695] Adding entry into typings cache: 'concurrently' => '/home/simon/.cache/typescript/4.1/node_modules/@types/concurrently/index.d.ts'
[14:42:22.698] Adding entry into typings cache: 'cordova' => '/home/simon/.cache/typescript/4.1/node_modules/@types/cordova/index.d.ts'
[14:42:22.699] Adding entry into typings cache: 'd3' => '/home/simon/.cache/typescript/4.1/node_modules/@types/d3/index.d.ts'
[14:42:22.701] Adding entry into typings cache: 'eslint' => '/home/simon/.cache/typescript/4.1/node_modules/@types/eslint/index.d.ts'
[14:42:22.702] Adding entry into typings cache: 'fastclick' => '/home/simon/.cache/typescript/4.1/node_modules/@types/fastclick/index.d.ts'
[14:42:22.703] Adding entry into typings cache: 'file-loader' => '/home/simon/.cache/typescript/4.1/node_modules/@types/file-loader/index.d.ts'
[14:42:22.704] Adding entry into typings cache: 'gulp' => '/home/simon/.cache/typescript/4.1/node_modules/@types/gulp/index.d.ts'
[14:42:22.705] Adding entry into typings cache: 'gulp-angular-templatecache' => '/home/simon/.cache/typescript/4.1/node_modules/@types/gulp-angular-templatecache/index.d.ts'
[14:42:22.706] Adding entry into typings cache: 'gulp-autoprefixer' => '/home/simon/.cache/typescript/4.1/node_modules/@types/gulp-autoprefixer/index.d.ts'
[14:42:22.707] Adding entry into typings cache: 'gulp-concat' => '/home/simon/.cache/typescript/4.1/node_modules/@types/gulp-concat/index.d.ts'
[14:42:22.708] Adding entry into typings cache: 'gulp-connect' => '/home/simon/.cache/typescript/4.1/node_modules/@types/gulp-connect/index.d.ts'
[14:42:22.709] Adding entry into typings cache: 'gulp-csso' => '/home/simon/.cache/typescript/4.1/node_modules/@types/gulp-csso/index.d.ts'
[14:42:22.710] Adding entry into typings cache: 'gulp-filter' => '/home/simon/.cache/typescript/4.1/node_modules/@types/gulp-filter/index.d.ts'
[14:42:22.711] Adding entry into typings cache: 'gulp-flatten' => '/home/simon/.cache/typescript/4.1/node_modules/@types/gulp-flatten/index.d.ts'
[14:42:22.713] Adding entry into typings cache: 'gulp-if' => '/home/simon/.cache/typescript/4.1/node_modules/@types/gulp-if/index.d.ts'
[14:42:22.715] Adding entry into typings cache: 'gulp-inject' => '/home/simon/.cache/typescript/4.1/node_modules/@types/gulp-inject/index.d.ts'
[14:42:22.716] Adding entry into typings cache: 'gulp-insert' => '/home/simon/.cache/typescript/4.1/node_modules/@types/gulp-insert/index.d.ts'
[14:42:22.718] Adding entry into typings cache: 'gulp-minify-css' => '/home/simon/.cache/typescript/4.1/node_modules/@types/gulp-minify-css/index.d.ts'
[14:42:22.719] Adding entry into typings cache: 'gulp-ng-annotate' => '/home/simon/.cache/typescript/4.1/node_modules/@types/gulp-ng-annotate/index.d.ts'
[14:42:22.720] Adding entry into typings cache: 'gulp-plumber' => '/home/simon/.cache/typescript/4.1/node_modules/@types/gulp-plumber/index.d.ts'
[14:42:22.721] Adding entry into typings cache: 'gulp-sass' => '/home/simon/.cache/typescript/4.1/node_modules/@types/gulp-sass/index.d.ts'
[14:42:22.722] Adding entry into typings cache: 'gulp-svgmin' => '/home/simon/.cache/typescript/4.1/node_modules/@types/gulp-svgmin/index.d.ts'
[14:42:22.723] Adding entry into typings cache: 'gulp-uglify' => '/home/simon/.cache/typescript/4.1/node_modules/@types/gulp-uglify/index.d.ts'
[14:42:22.725] Adding entry into typings cache: 'gulp-useref' => '/home/simon/.cache/typescript/4.1/node_modules/@types/gulp-useref/index.d.ts'
[14:42:22.726] Adding entry into typings cache: 'gulp-util' => '/home/simon/.cache/typescript/4.1/node_modules/@types/gulp-util/index.d.ts'
[14:42:22.728] Adding entry into typings cache: 'gulp-watch' => '/home/simon/.cache/typescript/4.1/node_modules/@types/gulp-watch/index.d.ts'
[14:42:22.730] Adding entry into typings cache: 'gulp-zip' => '/home/simon/.cache/typescript/4.1/node_modules/@types/gulp-zip/index.d.ts'
[14:42:22.731] Adding entry into typings cache: 'hammerjs' => '/home/simon/.cache/typescript/4.1/node_modules/@types/hammerjs/index.d.ts'
[14:42:22.732] Adding entry into typings cache: 'jasmine' => '/home/simon/.cache/typescript/4.1/node_modules/@types/jasmine/index.d.ts'
[14:42:22.733] Adding entry into typings cache: 'js-base64' => '/home/simon/.cache/typescript/4.1/node_modules/@types/js-base64/index.d.ts'
[14:42:22.734] Adding entry into typings cache: 'json3' => '/home/simon/.cache/typescript/4.1/node_modules/@types/json3/index.d.ts'
[14:42:22.736] Adding entry into typings cache: 'karma' => '/home/simon/.cache/typescript/4.1/node_modules/@types/karma/index.d.ts'
[14:42:22.737] Adding entry into typings cache: 'karma-chrome-launcher' => '/home/simon/.cache/typescript/4.1/node_modules/@types/karma-chrome-launcher/index.d.ts'
[14:42:22.738] Adding entry into typings cache: 'karma-firefox-launcher' => '/home/simon/.cache/typescript/4.1/node_modules/@types/karma-firefox-launcher/index.d.ts'
[14:42:22.739] Adding entry into typings cache: 'karma-jasmine' => '/home/simon/.cache/typescript/4.1/node_modules/@types/karma-jasmine/index.d.ts'
[14:42:22.740] Adding entry into typings cache: 'karma-jasmine-html-reporter' => '/home/simon/.cache/typescript/4.1/node_modules/@types/karma-jasmine-html-reporter/index.d.ts'
[14:42:22.742] Adding entry into typings cache: 'lodash' => '/home/simon/.cache/typescript/4.1/node_modules/@types/lodash/index.d.ts'
[14:42:22.743] Adding entry into typings cache: 'masonry-layout' => '/home/simon/.cache/typescript/4.1/node_modules/@types/masonry-layout/index.d.ts'
[14:42:22.744] Adding entry into typings cache: 'merge2' => '/home/simon/.cache/typescript/4.1/node_modules/@types/merge2/index.d.ts'
[14:42:22.745] Adding entry into typings cache: 'mkdirp' => '/home/simon/.cache/typescript/4.1/node_modules/@types/mkdirp/index.d.ts'
[14:42:22.746] Adding entry into typings cache: 'node-sass' => '/home/simon/.cache/typescript/4.1/node_modules/@types/node-sass/index.d.ts'
[14:42:22.746] Adding entry into typings cache: 'object-assign' => '/home/simon/.cache/typescript/4.1/node_modules/@types/object-assign/index.d.ts'
[14:42:22.747] Adding entry into typings cache: 'pify' => '/home/simon/.cache/typescript/4.1/node_modules/@types/pify/index.d.ts'
[14:42:22.749] Adding entry into typings cache: 'prettier' => '/home/simon/.cache/typescript/4.1/node_modules/@types/prettier/index.d.ts'
[14:42:22.751] Adding entry into typings cache: 'require-dir' => '/home/simon/.cache/typescript/4.1/node_modules/@types/require-dir/index.d.ts'
[14:42:22.752] Adding entry into typings cache: 'rimraf' => '/home/simon/.cache/typescript/4.1/node_modules/@types/rimraf/index.d.ts'
[14:42:22.753] Adding entry into typings cache: 'run-sequence' => '/home/simon/.cache/typescript/4.1/node_modules/@types/run-sequence/index.d.ts'
[14:42:22.754] Adding entry into typings cache: 'sprintf' => '/home/simon/.cache/typescript/4.1/node_modules/@types/sprintf/index.d.ts'
[14:42:22.755] Adding entry into typings cache: 'through' => '/home/simon/.cache/typescript/4.1/node_modules/@types/through/index.d.ts'
[14:42:22.756] Adding entry into typings cache: 'through2' => '/home/simon/.cache/typescript/4.1/node_modules/@types/through2/index.d.ts'
[14:42:22.756] Adding entry into typings cache: 'utf8' => '/home/simon/.cache/typescript/4.1/node_modules/@types/utf8/index.d.ts'
[14:42:22.757] Adding entry into typings cache: 'webpack-dev-server' => '/home/simon/.cache/typescript/4.1/node_modules/@types/webpack-dev-server/index.d.ts'
[14:42:22.757] Finished processing cache location '/home/simon/.cache/typescript/4.1'
[14:42:22.757] Process id: 30302
[14:42:22.757] NPM location: /nix/store/8zbps4iymijsmfm84446c0p50ka2s734-nodejs-14.9.0/bin/npm (explicit '--npmLocation' not  provided)
[14:42:22.757] validateDefaultNpmLocation: false
[14:42:22.757] Npm config file: /home/simon/.cache/typescript/4.1/package.json
[14:42:22.758] Updating types-registry npm package...
[14:42:22.758] Exec: /nix/store/8zbps4iymijsmfm84446c0p50ka2s734-nodejs-14.9.0/bin/npm install --ignore-scripts types-registry@latest
[14:42:24.003]     Succeeded. stdout:
    + types-registry@0.1.524
    updated 1 package and audited 172 packages in 0.896s

1 package is looking for funding
  run `npm fund` for details

found 0 vulnerabilities


[14:42:24.004] Updated types-registry npm package
